<?xml version="1.0" encoding="UTF-8"?>
<testsuite name="com.backend.backendApplicationTests" tests="1" skipped="0" failures="0" errors="0" timestamp="2024-06-22T16:25:01" hostname="ARTUR" time="0.449">
  <properties/>
  <testcase name="contextLoads()" classname="com.backend.backendApplicationTests" time="0.449"/>
  <system-out><![CDATA[13:24:56.637 [Test worker] INFO org.springframework.test.context.support.AnnotationConfigContextLoaderUtils -- Could not detect default configuration classes for test class [com.backend.backendApplicationTests]: backendApplicationTests does not declare any static, non-private, non-final, nested classes annotated with @Configuration.
13:24:56.722 [Test worker] INFO org.springframework.boot.test.context.SpringBootTestContextBootstrapper -- Found @SpringBootConfiguration com.backend.backendApplication for test class com.backend.backendApplicationTests

  .   ____          _            __ _ _
 /\\ / ___'_ __ _ _(_)_ __  __ _ \ \ \ \
( ( )\___ | '_ | '_| | '_ \/ _` | \ \ \ \
 \\/  ___)| |_)| | | | | || (_| |  ) ) ) )
  '  |____| .__|_| |_|_| |_\__, | / / / /
 =========|_|==============|___/=/_/_/_/
 :: Spring Boot ::                (v3.2.4)

2024-06-22T13:24:57.131-03:00  INFO 17424 --- [backend] [    Test worker] com.backend.backendApplicationTests      : Starting backendApplicationTests using Java 17.0.10 with PID 17424 (started by artur in C:\trabalho\TAC\backend)
2024-06-22T13:24:57.131-03:00  INFO 17424 --- [backend] [    Test worker] com.backend.backendApplicationTests      : No active profile set, falling back to 1 default profile: "default"
2024-06-22T13:24:57.905-03:00  INFO 17424 --- [backend] [    Test worker] .s.d.r.c.RepositoryConfigurationDelegate : Bootstrapping Spring Data JPA repositories in DEFAULT mode.
2024-06-22T13:24:57.969-03:00  INFO 17424 --- [backend] [    Test worker] .s.d.r.c.RepositoryConfigurationDelegate : Finished Spring Data repository scanning in 59 ms. Found 6 JPA repository interfaces.
2024-06-22T13:24:58.458-03:00  INFO 17424 --- [backend] [    Test worker] o.hibernate.jpa.internal.util.LogHelper  : HHH000204: Processing PersistenceUnitInfo [name: default]
2024-06-22T13:24:58.506-03:00  INFO 17424 --- [backend] [    Test worker] org.hibernate.Version                    : HHH000412: Hibernate ORM core version 6.4.4.Final
2024-06-22T13:24:58.537-03:00  INFO 17424 --- [backend] [    Test worker] o.h.c.internal.RegionFactoryInitiator    : HHH000026: Second-level cache disabled
2024-06-22T13:24:58.792-03:00  INFO 17424 --- [backend] [    Test worker] o.s.o.j.p.SpringPersistenceUnitInfo      : No LoadTimeWeaver setup: ignoring JPA class transformer
2024-06-22T13:24:58.809-03:00  INFO 17424 --- [backend] [    Test worker] com.zaxxer.hikari.HikariDataSource       : HikariPool-1 - Starting...
2024-06-22T13:24:58.986-03:00  INFO 17424 --- [backend] [    Test worker] com.zaxxer.hikari.pool.HikariPool        : HikariPool-1 - Added connection org.postgresql.jdbc.PgConnection@38929da
2024-06-22T13:24:58.986-03:00  INFO 17424 --- [backend] [    Test worker] com.zaxxer.hikari.HikariDataSource       : HikariPool-1 - Start completed.
2024-06-22T13:24:59.906-03:00  INFO 17424 --- [backend] [    Test worker] o.h.e.t.j.p.i.JtaPlatformInitiator       : HHH000489: No JTA platform available (set 'hibernate.transaction.jta.platform' to enable JTA platform integration)
2024-06-22T13:25:00.033-03:00  INFO 17424 --- [backend] [    Test worker] j.LocalContainerEntityManagerFactoryBean : Initialized JPA EntityManagerFactory for persistence unit 'default'
2024-06-22T13:25:00.631-03:00  WARN 17424 --- [backend] [    Test worker] JpaBaseConfiguration$JpaWebConfiguration : spring.jpa.open-in-view is enabled by default. Therefore, database queries may be performed during view rendering. Explicitly configure spring.jpa.open-in-view to disable this warning
2024-06-22T13:25:01.862-03:00  INFO 17424 --- [backend] [    Test worker] com.backend.backendApplicationTests      : Started backendApplicationTests in 4.97 seconds (process running for 6.076)
]]></system-out>
  <system-err><![CDATA[]]></system-err>
</testsuite>
