<?xml version="1.0" encoding="UTF-8"?>
<testsuite name="com.backend.backendApplicationTests" tests="1" skipped="0" failures="0" errors="0" timestamp="2024-06-22T15:32:13" hostname="ARTUR" time="0.472">
  <properties/>
  <testcase name="contextLoads()" classname="com.backend.backendApplicationTests" time="0.472"/>
  <system-out><![CDATA[12:32:07.782 [Test worker] INFO org.springframework.test.context.support.AnnotationConfigContextLoaderUtils -- Could not detect default configuration classes for test class [com.backend.backendApplicationTests]: backendApplicationTests does not declare any static, non-private, non-final, nested classes annotated with @Configuration.
12:32:07.917 [Test worker] INFO org.springframework.boot.test.context.SpringBootTestContextBootstrapper -- Found @SpringBootConfiguration com.backend.backendApplication for test class com.backend.backendApplicationTests

  .   ____          _            __ _ _
 /\\ / ___'_ __ _ _(_)_ __  __ _ \ \ \ \
( ( )\___ | '_ | '_| | '_ \/ _` | \ \ \ \
 \\/  ___)| |_)| | | | | || (_| |  ) ) ) )
  '  |____| .__|_| |_|_| |_\__, | / / / /
 =========|_|==============|___/=/_/_/_/
 :: Spring Boot ::                (v3.2.4)

2024-06-22T12:32:08.299-03:00  INFO 15692 --- [backend] [    Test worker] com.backend.backendApplicationTests      : Starting backendApplicationTests using Java 17.0.10 with PID 15692 (started by artur in C:\TAC\TAC\backend)
2024-06-22T12:32:08.299-03:00  INFO 15692 --- [backend] [    Test worker] com.backend.backendApplicationTests      : No active profile set, falling back to 1 default profile: "default"
2024-06-22T12:32:09.092-03:00  INFO 15692 --- [backend] [    Test worker] .s.d.r.c.RepositoryConfigurationDelegate : Bootstrapping Spring Data JPA repositories in DEFAULT mode.
2024-06-22T12:32:09.170-03:00  INFO 15692 --- [backend] [    Test worker] .s.d.r.c.RepositoryConfigurationDelegate : Finished Spring Data repository scanning in 66 ms. Found 6 JPA repository interfaces.
2024-06-22T12:32:09.659-03:00  INFO 15692 --- [backend] [    Test worker] o.hibernate.jpa.internal.util.LogHelper  : HHH000204: Processing PersistenceUnitInfo [name: default]
2024-06-22T12:32:09.707-03:00  INFO 15692 --- [backend] [    Test worker] org.hibernate.Version                    : HHH000412: Hibernate ORM core version 6.4.4.Final
2024-06-22T12:32:09.754-03:00  INFO 15692 --- [backend] [    Test worker] o.h.c.internal.RegionFactoryInitiator    : HHH000026: Second-level cache disabled
2024-06-22T12:32:10.013-03:00  INFO 15692 --- [backend] [    Test worker] o.s.o.j.p.SpringPersistenceUnitInfo      : No LoadTimeWeaver setup: ignoring JPA class transformer
2024-06-22T12:32:10.039-03:00  INFO 15692 --- [backend] [    Test worker] com.zaxxer.hikari.HikariDataSource       : HikariPool-1 - Starting...
2024-06-22T12:32:10.218-03:00  INFO 15692 --- [backend] [    Test worker] com.zaxxer.hikari.pool.HikariPool        : HikariPool-1 - Added connection org.postgresql.jdbc.PgConnection@29c244e
2024-06-22T12:32:10.218-03:00  INFO 15692 --- [backend] [    Test worker] com.zaxxer.hikari.HikariDataSource       : HikariPool-1 - Start completed.
2024-06-22T12:32:11.154-03:00  INFO 15692 --- [backend] [    Test worker] o.h.e.t.j.p.i.JtaPlatformInitiator       : HHH000489: No JTA platform available (set 'hibernate.transaction.jta.platform' to enable JTA platform integration)
2024-06-22T12:32:11.296-03:00  INFO 15692 --- [backend] [    Test worker] j.LocalContainerEntityManagerFactoryBean : Initialized JPA EntityManagerFactory for persistence unit 'default'
2024-06-22T12:32:11.964-03:00  WARN 15692 --- [backend] [    Test worker] JpaBaseConfiguration$JpaWebConfiguration : spring.jpa.open-in-view is enabled by default. Therefore, database queries may be performed during view rendering. Explicitly configure spring.jpa.open-in-view to disable this warning
2024-06-22T12:32:13.263-03:00  INFO 15692 --- [backend] [    Test worker] com.backend.backendApplicationTests      : Started backendApplicationTests in 5.165 seconds (process running for 6.316)
]]></system-out>
  <system-err><![CDATA[]]></system-err>
</testsuite>
